[2023-05-31 11:30:32] INFO org.hibernate.validator.internal.util.Version(Version.java:21) - HV000001: Hibernate Validator 6.2.5.Final
[2023-05-31 11:30:32] INFO com.hanex.auth.AuthApplication(StartupInfoLogger.java:55) - Starting AuthApplication using Java 17.0.7 on LAPTOP-0CO86BRQ with PID 11956 (C:\Git\auth-service\bin\main started by mirro in C:\Git\auth-service)
[2023-05-31 11:30:32] INFO com.hanex.auth.AuthApplication(SpringApplication.java:637) - The following 1 profile is active: "local2"
[2023-05-31 11:30:32] INFO org.springframework.boot.devtools.env.DevToolsPropertyDefaultsPostProcessor(DeferredLog.java:255) - Devtools property defaults active! Set 'spring.devtools.add-properties' to 'false' to disable
[2023-05-31 11:30:32] INFO org.springframework.boot.devtools.env.DevToolsPropertyDefaultsPostProcessor(DeferredLog.java:255) - For additional web related logging consider setting the 'logging.level.web' property to 'DEBUG'
[2023-05-31 11:30:34] INFO org.springframework.data.repository.config.RepositoryConfigurationDelegate(RepositoryConfigurationDelegate.java:262) - Multiple Spring Data modules found, entering strict repository configuration mode
[2023-05-31 11:30:34] INFO org.springframework.data.repository.config.RepositoryConfigurationDelegate(RepositoryConfigurationDelegate.java:132) - Bootstrapping Spring Data JDBC repositories in DEFAULT mode.
[2023-05-31 11:30:34] INFO org.springframework.data.repository.config.RepositoryConfigurationDelegate(RepositoryConfigurationDelegate.java:201) - Finished Spring Data repository scanning in 195 ms. Found 1 JDBC repository interfaces.
[2023-05-31 11:30:34] INFO org.springframework.data.repository.config.RepositoryConfigurationDelegate(RepositoryConfigurationDelegate.java:262) - Multiple Spring Data modules found, entering strict repository configuration mode
[2023-05-31 11:30:34] INFO org.springframework.data.repository.config.RepositoryConfigurationDelegate(RepositoryConfigurationDelegate.java:132) - Bootstrapping Spring Data Redis repositories in DEFAULT mode.
[2023-05-31 11:30:34] INFO org.springframework.data.repository.config.RepositoryConfigurationExtensionSupport(RepositoryConfigurationExtensionSupport.java:349) - Spring Data Redis - Could not safely identify store assignment for repository candidate interface com.hanex.auth.domain.user.UserRepository; If you want this repository to be a Redis repository, consider annotating your entities with one of these annotations: org.springframework.data.redis.core.RedisHash (preferred), or consider extending one of the following types with your repository: org.springframework.data.keyvalue.repository.KeyValueRepository
[2023-05-31 11:30:34] INFO org.springframework.data.repository.config.RepositoryConfigurationDelegate(RepositoryConfigurationDelegate.java:201) - Finished Spring Data repository scanning in 17 ms. Found 0 Redis repository interfaces.
[2023-05-31 11:30:35] INFO org.springframework.boot.web.embedded.tomcat.TomcatWebServer(TomcatWebServer.java:108) - Tomcat initialized with port(s): 8080 (http)
[2023-05-31 11:30:35] INFO org.apache.coyote.http11.Http11NioProtocol(DirectJDKLog.java:173) - Initializing ProtocolHandler ["http-nio-8080"]
[2023-05-31 11:30:35] INFO org.apache.catalina.core.StandardService(DirectJDKLog.java:173) - Starting service [Tomcat]
[2023-05-31 11:30:35] INFO org.apache.catalina.core.StandardEngine(DirectJDKLog.java:173) - Starting Servlet engine: [Apache Tomcat/9.0.75]
[2023-05-31 11:30:36] INFO org.apache.catalina.core.ContainerBase.[Tomcat].[localhost].[/](DirectJDKLog.java:173) - Initializing Spring embedded WebApplicationContext
[2023-05-31 11:30:36] INFO org.springframework.boot.web.servlet.context.ServletWebServerApplicationContext(ServletWebServerApplicationContext.java:292) - Root WebApplicationContext: initialization completed in 3888 ms
[2023-05-31 11:30:36] INFO com.zaxxer.hikari.HikariDataSource(HikariDataSource.java:110) - HikariPool-1 - Starting...
[2023-05-31 11:30:36] INFO com.zaxxer.hikari.HikariDataSource(HikariDataSource.java:123) - HikariPool-1 - Start completed.
[2023-05-31 11:30:36] INFO org.springframework.boot.autoconfigure.h2.H2ConsoleAutoConfiguration(H2ConsoleAutoConfiguration.java:98) - H2 console available at '/h2-console'. Database available at 'jdbc:postgresql://localhost:5432/hanexdb'
[2023-05-31 11:30:37] INFO org.springframework.boot.devtools.autoconfigure.OptionalLiveReloadServer(OptionalLiveReloadServer.java:59) - LiveReload server is running on port 35729
[2023-05-31 11:30:38] WARN org.springframework.boot.autoconfigure.security.servlet.UserDetailsServiceAutoConfiguration(UserDetailsServiceAutoConfiguration.java:89) - 

Using generated security password: 415ef019-76be-4209-a53d-ceea9b83ea77

This generated password is for development use only. Your security configuration must be updated before running your application in production.

[2023-05-31 11:30:38] INFO org.springframework.security.web.DefaultSecurityFilterChain(DefaultSecurityFilterChain.java:55) - Will secure any request with [org.springframework.security.web.session.DisableEncodeUrlFilter@fcaa3a2, org.springframework.security.web.context.request.async.WebAsyncManagerIntegrationFilter@245fb780, org.springframework.security.web.context.SecurityContextPersistenceFilter@1d76c716, org.springframework.security.web.header.HeaderWriterFilter@2afceece, org.springframework.security.web.authentication.logout.LogoutFilter@4ef03b3c, org.springframework.security.web.savedrequest.RequestCacheAwareFilter@7f8ebaf6, org.springframework.security.web.servletapi.SecurityContextHolderAwareRequestFilter@4a75c2b6, org.springframework.security.web.authentication.AnonymousAuthenticationFilter@13beafa0, org.springframework.security.web.session.SessionManagementFilter@d45e3fc, org.springframework.security.web.access.ExceptionTranslationFilter@44bcef0c, org.springframework.security.web.access.intercept.FilterSecurityInterceptor@2db5f608]
[2023-05-31 11:30:40] INFO org.springframework.boot.actuate.endpoint.web.EndpointLinksResolver(EndpointLinksResolver.java:58) - Exposing 2 endpoint(s) beneath base path '/actuator'
[2023-05-31 11:30:40] INFO org.apache.coyote.http11.Http11NioProtocol(DirectJDKLog.java:173) - Starting ProtocolHandler ["http-nio-8080"]
[2023-05-31 11:30:40] INFO org.springframework.boot.web.embedded.tomcat.TomcatWebServer(TomcatWebServer.java:220) - Tomcat started on port(s): 8080 (http) with context path ''
[2023-05-31 11:30:40] INFO com.hanex.auth.AuthApplication(StartupInfoLogger.java:61) - Started AuthApplication in 9.096 seconds (JVM running for 10.787)
